生成启动时间为 2017/11/24 13:14:24。
     1>项目“F:\项目\WnStock\src\WnStock-V2.0\WnStock\WnStock\WnStock.vcxproj”在节点 2 上(build 个目标)。
     1>InitializeBuildStatus:
         正在创建“Debug\WnStock.unsuccessfulbuild”，因为已指定“AlwaysCreate”。
       ClCompile:
         所有输出均为最新。
         C:\Program Files (x86)\Microsoft Visual Studio 10.0\VC\bin\CL.exe /c /ZI /nologo /W3 /WX- /Od /Oy- /D WIN32 /D _WINDOWS /D _DEBUG /D _MBCS /D _AFXDLL /Gm /EHsc /RTC1 /MDd /GS /fp:precise /Zc:wchar_t /Zc:forScope /Yu"StdAfx.h" /Fp"Debug\WnStock.pch" /Fo"Debug\\" /Fd"Debug\vc100.pdb" /Gd /TP /analyze- /errorReport:prompt MainFrm.cpp WnStock.cpp WnStockDoc.cpp WnStockView.cpp
         WnStockView.cpp
     1>f:\项目\wnstock\src\wnstock-v2.0\wnstock\wnstock\wnstockview.cpp(511): warning C4996: 'sprintf': This function or variable may be unsafe. Consider using sprintf_s instead. To disable deprecation, use _CRT_SECURE_NO_WARNINGS. See online help for details.
                 c:\program files (x86)\microsoft visual studio 10.0\vc\include\stdio.h(371) : 参见“sprintf”的声明
     1>f:\项目\wnstock\src\wnstock-v2.0\wnstock\wnstock\wnstockview.cpp(531): warning C4244: “参数”: 从“double”转换到“int”，可能丢失数据
     1>f:\项目\wnstock\src\wnstock-v2.0\wnstock\wnstock\wnstockview.cpp(532): warning C4244: “参数”: 从“double”转换到“int”，可能丢失数据
     1>f:\项目\wnstock\src\wnstock-v2.0\wnstock\wnstock\wnstockview.cpp(535): warning C4244: “参数”: 从“double”转换到“int”，可能丢失数据
     1>f:\项目\wnstock\src\wnstock-v2.0\wnstock\wnstock\wnstockview.cpp(536): warning C4244: “参数”: 从“double”转换到“int”，可能丢失数据
     1>f:\项目\wnstock\src\wnstock-v2.0\wnstock\wnstock\wnstockview.cpp(541): warning C4244: “=”: 从“double”转换到“int”，可能丢失数据
     1>f:\项目\wnstock\src\wnstock-v2.0\wnstock\wnstock\wnstockview.cpp(541): warning C4244: “-=”: 从“double”转换到“int”，可能丢失数据
     1>f:\项目\wnstock\src\wnstock-v2.0\wnstock\wnstock\wnstockview.cpp(548): warning C4244: “参数”: 从“double”转换到“int”，可能丢失数据
     1>f:\项目\wnstock\src\wnstock-v2.0\wnstock\wnstock\wnstockview.cpp(549): warning C4244: “参数”: 从“double”转换到“int”，可能丢失数据
     1>f:\项目\wnstock\src\wnstock-v2.0\wnstock\wnstock\wnstockview.cpp(550): warning C4244: “参数”: 从“double”转换到“int”，可能丢失数据
     1>f:\项目\wnstock\src\wnstock-v2.0\wnstock\wnstock\wnstockview.cpp(551): warning C4244: “参数”: 从“double”转换到“int”，可能丢失数据
     1>f:\项目\wnstock\src\wnstock-v2.0\wnstock\wnstock\wnstockview.cpp(552): warning C4244: “参数”: 从“double”转换到“int”，可能丢失数据
     1>f:\项目\wnstock\src\wnstock-v2.0\wnstock\wnstock\wnstockview.cpp(553): warning C4244: “参数”: 从“double”转换到“int”，可能丢失数据
     1>f:\项目\wnstock\src\wnstock-v2.0\wnstock\wnstock\wnstockview.cpp(554): warning C4244: “参数”: 从“double”转换到“int”，可能丢失数据
     1>f:\项目\wnstock\src\wnstock-v2.0\wnstock\wnstock\wnstockview.cpp(555): warning C4244: “参数”: 从“double”转换到“int”，可能丢失数据
     1>f:\项目\wnstock\src\wnstock-v2.0\wnstock\wnstock\wnstockview.cpp(556): warning C4244: “参数”: 从“double”转换到“int”，可能丢失数据
     1>f:\项目\wnstock\src\wnstock-v2.0\wnstock\wnstock\wnstockview.cpp(557): warning C4244: “参数”: 从“double”转换到“int”，可能丢失数据
     1>f:\项目\wnstock\src\wnstock-v2.0\wnstock\wnstock\wnstockview.cpp(570): warning C4244: “参数”: 从“double”转换到“int”，可能丢失数据
     1>f:\项目\wnstock\src\wnstock-v2.0\wnstock\wnstock\wnstockview.cpp(575): warning C4244: “参数”: 从“double”转换到“int”，可能丢失数据
     1>f:\项目\wnstock\src\wnstock-v2.0\wnstock\wnstock\wnstockview.cpp(594): warning C4244: “初始化”: 从“double”转换到“float”，可能丢失数据
     1>f:\项目\wnstock\src\wnstock-v2.0\wnstock\wnstock\wnstockview.cpp(602): warning C4244: “=”: 从“double”转换到“int”，可能丢失数据
     1>f:\项目\wnstock\src\wnstock-v2.0\wnstock\wnstock\wnstockview.cpp(604): warning C4244: “=”: 从“double”转换到“int”，可能丢失数据
     1>f:\项目\wnstock\src\wnstock-v2.0\wnstock\wnstock\wnstockview.cpp(607): warning C4244: “初始化”: 从“double”转换到“int”，可能丢失数据
     1>f:\项目\wnstock\src\wnstock-v2.0\wnstock\wnstock\wnstockview.cpp(624): warning C4244: “参数”: 从“double”转换到“int”，可能丢失数据
     1>f:\项目\wnstock\src\wnstock-v2.0\wnstock\wnstock\wnstockview.cpp(625): warning C4244: “参数”: 从“double”转换到“int”，可能丢失数据
     1>f:\项目\wnstock\src\wnstock-v2.0\wnstock\wnstock\wnstockview.cpp(626): warning C4244: “=”: 从“double”转换到“LONG”，可能丢失数据
     1>f:\项目\wnstock\src\wnstock-v2.0\wnstock\wnstock\wnstockview.cpp(628): warning C4244: “=”: 从“double”转换到“LONG”，可能丢失数据
     1>f:\项目\wnstock\src\wnstock-v2.0\wnstock\wnstock\wnstockview.cpp(636): warning C4244: “参数”: 从“double”转换到“int”，可能丢失数据
     1>f:\项目\wnstock\src\wnstock-v2.0\wnstock\wnstock\wnstockview.cpp(637): warning C4244: “参数”: 从“double”转换到“int”，可能丢失数据
     1>f:\项目\wnstock\src\wnstock-v2.0\wnstock\wnstock\wnstockview.cpp(641): warning C4244: “=”: 从“double”转换到“LONG”，可能丢失数据
     1>f:\项目\wnstock\src\wnstock-v2.0\wnstock\wnstock\wnstockview.cpp(643): warning C4244: “=”: 从“double”转换到“LONG”，可能丢失数据
     1>f:\项目\wnstock\src\wnstock-v2.0\wnstock\wnstock\wnstockview.cpp(653): warning C4244: “初始化”: 从“double”转换到“float”，可能丢失数据
     1>f:\项目\wnstock\src\wnstock-v2.0\wnstock\wnstock\wnstockview.cpp(656): warning C4996: 'sprintf': This function or variable may be unsafe. Consider using sprintf_s instead. To disable deprecation, use _CRT_SECURE_NO_WARNINGS. See online help for details.
                 c:\program files (x86)\microsoft visual studio 10.0\vc\include\stdio.h(371) : 参见“sprintf”的声明
     1>f:\项目\wnstock\src\wnstock-v2.0\wnstock\wnstock\wnstockview.cpp(657): warning C4244: “参数”: 从“double”转换到“int”，可能丢失数据
     1>f:\项目\wnstock\src\wnstock-v2.0\wnstock\wnstock\wnstockview.cpp(659): warning C4996: 'sprintf': This function or variable may be unsafe. Consider using sprintf_s instead. To disable deprecation, use _CRT_SECURE_NO_WARNINGS. See online help for details.
                 c:\program files (x86)\microsoft visual studio 10.0\vc\include\stdio.h(371) : 参见“sprintf”的声明
     1>f:\项目\wnstock\src\wnstock-v2.0\wnstock\wnstock\wnstockview.cpp(660): warning C4244: “参数”: 从“double”转换到“int”，可能丢失数据
     1>f:\项目\wnstock\src\wnstock-v2.0\wnstock\wnstock\wnstockview.cpp(665): warning C4996: 'sprintf': This function or variable may be unsafe. Consider using sprintf_s instead. To disable deprecation, use _CRT_SECURE_NO_WARNINGS. See online help for details.
                 c:\program files (x86)\microsoft visual studio 10.0\vc\include\stdio.h(371) : 参见“sprintf”的声明
     1>f:\项目\wnstock\src\wnstock-v2.0\wnstock\wnstock\wnstockview.cpp(666): warning C4244: “参数”: 从“double”转换到“int”，可能丢失数据
     1>f:\项目\wnstock\src\wnstock-v2.0\wnstock\wnstock\wnstockview.cpp(668): warning C4996: 'sprintf': This function or variable may be unsafe. Consider using sprintf_s instead. To disable deprecation, use _CRT_SECURE_NO_WARNINGS. See online help for details.
                 c:\program files (x86)\microsoft visual studio 10.0\vc\include\stdio.h(371) : 参见“sprintf”的声明
     1>f:\项目\wnstock\src\wnstock-v2.0\wnstock\wnstock\wnstockview.cpp(669): warning C4244: “参数”: 从“double”转换到“int”，可能丢失数据
     1>f:\项目\wnstock\src\wnstock-v2.0\wnstock\wnstock\wnstockview.cpp(671): warning C4996: 'sprintf': This function or variable may be unsafe. Consider using sprintf_s instead. To disable deprecation, use _CRT_SECURE_NO_WARNINGS. See online help for details.
                 c:\program files (x86)\microsoft visual studio 10.0\vc\include\stdio.h(371) : 参见“sprintf”的声明
     1>f:\项目\wnstock\src\wnstock-v2.0\wnstock\wnstock\wnstockview.cpp(672): warning C4244: “参数”: 从“double”转换到“int”，可能丢失数据
     1>f:\项目\wnstock\src\wnstock-v2.0\wnstock\wnstock\wnstockview.cpp(693): warning C4244: “初始化”: 从“double”转换到“float”，可能丢失数据
     1>f:\项目\wnstock\src\wnstock-v2.0\wnstock\wnstock\wnstockview.cpp(694): warning C4244: “初始化”: 从“double”转换到“float”，可能丢失数据
     1>f:\项目\wnstock\src\wnstock-v2.0\wnstock\wnstock\wnstockview.cpp(707): warning C4244: “参数”: 从“double”转换到“int”，可能丢失数据
     1>f:\项目\wnstock\src\wnstock-v2.0\wnstock\wnstock\wnstockview.cpp(708): warning C4244: “参数”: 从“double”转换到“int”，可能丢失数据
     1>f:\项目\wnstock\src\wnstock-v2.0\wnstock\wnstock\wnstockview.cpp(718): warning C4244: “参数”: 从“double”转换到“int”，可能丢失数据
     1>f:\项目\wnstock\src\wnstock-v2.0\wnstock\wnstock\wnstockview.cpp(719): warning C4244: “参数”: 从“double”转换到“int”，可能丢失数据
     1>f:\项目\wnstock\src\wnstock-v2.0\wnstock\wnstock\wnstockview.cpp(729): warning C4244: “参数”: 从“double”转换到“int”，可能丢失数据
     1>f:\项目\wnstock\src\wnstock-v2.0\wnstock\wnstock\wnstockview.cpp(730): warning C4244: “参数”: 从“double”转换到“int”，可能丢失数据
     1>f:\项目\wnstock\src\wnstock-v2.0\wnstock\wnstock\wnstockview.cpp(785): warning C4244: “参数”: 从“double”转换到“unsigned int”，可能丢失数据
     1>f:\项目\wnstock\src\wnstock-v2.0\wnstock\wnstock\wnstockview.cpp(789): warning C4244: “参数”: 从“double”转换到“unsigned int”，可能丢失数据
     1>f:\项目\wnstock\src\wnstock-v2.0\wnstock\wnstock\wnstockview.cpp(789): warning C4996: 'sprintf': This function or variable may be unsafe. Consider using sprintf_s instead. To disable deprecation, use _CRT_SECURE_NO_WARNINGS. See online help for details.
                 c:\program files (x86)\microsoft visual studio 10.0\vc\include\stdio.h(371) : 参见“sprintf”的声明
     1>f:\项目\wnstock\src\wnstock-v2.0\wnstock\wnstock\wnstockview.cpp(793): warning C4244: “参数”: 从“double”转换到“unsigned int”，可能丢失数据
     1>f:\项目\wnstock\src\wnstock-v2.0\wnstock\wnstock\wnstockview.cpp(793): warning C4996: 'sprintf': This function or variable may be unsafe. Consider using sprintf_s instead. To disable deprecation, use _CRT_SECURE_NO_WARNINGS. See online help for details.
                 c:\program files (x86)\microsoft visual studio 10.0\vc\include\stdio.h(371) : 参见“sprintf”的声明
     1>f:\项目\wnstock\src\wnstock-v2.0\wnstock\wnstock\wnstockview.cpp(797): warning C4244: “参数”: 从“double”转换到“unsigned int”，可能丢失数据
     1>f:\项目\wnstock\src\wnstock-v2.0\wnstock\wnstock\wnstockview.cpp(797): warning C4996: 'sprintf': This function or variable may be unsafe. Consider using sprintf_s instead. To disable deprecation, use _CRT_SECURE_NO_WARNINGS. See online help for details.
                 c:\program files (x86)\microsoft visual studio 10.0\vc\include\stdio.h(371) : 参见“sprintf”的声明
     1>f:\项目\wnstock\src\wnstock-v2.0\wnstock\wnstock\wnstockview.cpp(801): warning C4244: “参数”: 从“double”转换到“unsigned int”，可能丢失数据
     1>f:\项目\wnstock\src\wnstock-v2.0\wnstock\wnstock\wnstockview.cpp(801): warning C4996: 'sprintf': This function or variable may be unsafe. Consider using sprintf_s instead. To disable deprecation, use _CRT_SECURE_NO_WARNINGS. See online help for details.
                 c:\program files (x86)\microsoft visual studio 10.0\vc\include\stdio.h(371) : 参见“sprintf”的声明
     1>f:\项目\wnstock\src\wnstock-v2.0\wnstock\wnstock\wnstockview.cpp(805): warning C4244: “参数”: 从“double”转换到“unsigned int”，可能丢失数据
     1>f:\项目\wnstock\src\wnstock-v2.0\wnstock\wnstock\wnstockview.cpp(805): warning C4244: “参数”: 从“double”转换到“unsigned int”，可能丢失数据
     1>f:\项目\wnstock\src\wnstock-v2.0\wnstock\wnstock\wnstockview.cpp(808): warning C4244: “参数”: 从“double”转换到“unsigned int”，可能丢失数据
     1>f:\项目\wnstock\src\wnstock-v2.0\wnstock\wnstock\wnstockview.cpp(808): warning C4244: “参数”: 从“double”转换到“unsigned int”，可能丢失数据
     1>f:\项目\wnstock\src\wnstock-v2.0\wnstock\wnstock\wnstockview.cpp(808): warning C4244: “初始化”: 从“double”转换到“float”，可能丢失数据
     1>f:\项目\wnstock\src\wnstock-v2.0\wnstock\wnstock\wnstockview.cpp(809): warning C4244: “参数”: 从“double”转换到“unsigned int”，可能丢失数据
     1>f:\项目\wnstock\src\wnstock-v2.0\wnstock\wnstock\wnstockview.cpp(809): warning C4244: “初始化”: 从“double”转换到“float”，可能丢失数据
     1>f:\项目\wnstock\src\wnstock-v2.0\wnstock\wnstock\wnstockview.cpp(810): warning C4996: 'sprintf': This function or variable may be unsafe. Consider using sprintf_s instead. To disable deprecation, use _CRT_SECURE_NO_WARNINGS. See online help for details.
                 c:\program files (x86)\microsoft visual studio 10.0\vc\include\stdio.h(371) : 参见“sprintf”的声明
     1>f:\项目\wnstock\src\wnstock-v2.0\wnstock\wnstock\wnstockview.cpp(813): warning C4996: 'sprintf': This function or variable may be unsafe. Consider using sprintf_s instead. To disable deprecation, use _CRT_SECURE_NO_WARNINGS. See online help for details.
                 c:\program files (x86)\microsoft visual studio 10.0\vc\include\stdio.h(371) : 参见“sprintf”的声明
     1>f:\项目\wnstock\src\wnstock-v2.0\wnstock\wnstock\wnstockview.cpp(819): warning C4244: “参数”: 从“double”转换到“unsigned int”，可能丢失数据
     1>f:\项目\wnstock\src\wnstock-v2.0\wnstock\wnstock\wnstockview.cpp(819): warning C4244: “参数”: 从“double”转换到“unsigned int”，可能丢失数据
     1>f:\项目\wnstock\src\wnstock-v2.0\wnstock\wnstock\wnstockview.cpp(819): warning C4244: “初始化”: 从“double”转换到“float”，可能丢失数据
     1>f:\项目\wnstock\src\wnstock-v2.0\wnstock\wnstock\wnstockview.cpp(820): warning C4244: “参数”: 从“double”转换到“unsigned int”，可能丢失数据
     1>f:\项目\wnstock\src\wnstock-v2.0\wnstock\wnstock\wnstockview.cpp(820): warning C4244: “初始化”: 从“double”转换到“float”，可能丢失数据
     1>f:\项目\wnstock\src\wnstock-v2.0\wnstock\wnstock\wnstockview.cpp(821): warning C4996: 'sprintf': This function or variable may be unsafe. Consider using sprintf_s instead. To disable deprecation, use _CRT_SECURE_NO_WARNINGS. See online help for details.
                 c:\program files (x86)\microsoft visual studio 10.0\vc\include\stdio.h(371) : 参见“sprintf”的声明
     1>f:\项目\wnstock\src\wnstock-v2.0\wnstock\wnstock\wnstockview.cpp(824): warning C4996: 'sprintf': This function or variable may be unsafe. Consider using sprintf_s instead. To disable deprecation, use _CRT_SECURE_NO_WARNINGS. See online help for details.
                 c:\program files (x86)\microsoft visual studio 10.0\vc\include\stdio.h(371) : 参见“sprintf”的声明
     1>f:\项目\wnstock\src\wnstock-v2.0\wnstock\wnstock\wnstockview.cpp(830): warning C4244: “参数”: 从“double”转换到“unsigned int”，可能丢失数据
     1>f:\项目\wnstock\src\wnstock-v2.0\wnstock\wnstock\wnstockview.cpp(830): warning C4996: 'sprintf': This function or variable may be unsafe. Consider using sprintf_s instead. To disable deprecation, use _CRT_SECURE_NO_WARNINGS. See online help for details.
                 c:\program files (x86)\microsoft visual studio 10.0\vc\include\stdio.h(371) : 参见“sprintf”的声明
     1>f:\项目\wnstock\src\wnstock-v2.0\wnstock\wnstock\wnstockview.cpp(842): warning C4244: “参数”: 从“double”转换到“unsigned int”，可能丢失数据
     1>f:\项目\wnstock\src\wnstock-v2.0\wnstock\wnstock\wnstockview.cpp(845): warning C4244: “初始化”: 从“double”转换到“int”，可能丢失数据
     1>f:\项目\wnstock\src\wnstock-v2.0\wnstock\wnstock\wnstockview.cpp(850): warning C4996: 'sprintf': This function or variable may be unsafe. Consider using sprintf_s instead. To disable deprecation, use _CRT_SECURE_NO_WARNINGS. See online help for details.
                 c:\program files (x86)\microsoft visual studio 10.0\vc\include\stdio.h(371) : 参见“sprintf”的声明
     1>f:\项目\wnstock\src\wnstock-v2.0\wnstock\wnstock\wnstockview.cpp(854): warning C4996: 'sprintf': This function or variable may be unsafe. Consider using sprintf_s instead. To disable deprecation, use _CRT_SECURE_NO_WARNINGS. See online help for details.
                 c:\program files (x86)\microsoft visual studio 10.0\vc\include\stdio.h(371) : 参见“sprintf”的声明
     1>f:\项目\wnstock\src\wnstock-v2.0\wnstock\wnstock\wnstockview.cpp(862): warning C4244: “参数”: 从“double”转换到“unsigned int”，可能丢失数据
     1>f:\项目\wnstock\src\wnstock-v2.0\wnstock\wnstock\wnstockview.cpp(862): warning C4996: 'sprintf': This function or variable may be unsafe. Consider using sprintf_s instead. To disable deprecation, use _CRT_SECURE_NO_WARNINGS. See online help for details.
                 c:\program files (x86)\microsoft visual studio 10.0\vc\include\stdio.h(371) : 参见“sprintf”的声明
     1>f:\项目\wnstock\src\wnstock-v2.0\wnstock\wnstock\wnstockview.cpp(870): warning C4244: “参数”: 从“double”转换到“unsigned int”，可能丢失数据
     1>f:\项目\wnstock\src\wnstock-v2.0\wnstock\wnstock\wnstockview.cpp(870): warning C4996: 'sprintf': This function or variable may be unsafe. Consider using sprintf_s instead. To disable deprecation, use _CRT_SECURE_NO_WARNINGS. See online help for details.
                 c:\program files (x86)\microsoft visual studio 10.0\vc\include\stdio.h(371) : 参见“sprintf”的声明
     1>f:\项目\wnstock\src\wnstock-v2.0\wnstock\wnstock\wnstockview.cpp(871): warning C4244: “参数”: 从“double”转换到“int”，可能丢失数据
     1>f:\项目\wnstock\src\wnstock-v2.0\wnstock\wnstock\wnstockview.cpp(876): warning C4244: “参数”: 从“double”转换到“unsigned int”，可能丢失数据
     1>f:\项目\wnstock\src\wnstock-v2.0\wnstock\wnstock\wnstockview.cpp(876): warning C4996: 'sprintf': This function or variable may be unsafe. Consider using sprintf_s instead. To disable deprecation, use _CRT_SECURE_NO_WARNINGS. See online help for details.
                 c:\program files (x86)\microsoft visual studio 10.0\vc\include\stdio.h(371) : 参见“sprintf”的声明
     1>f:\项目\wnstock\src\wnstock-v2.0\wnstock\wnstock\wnstockview.cpp(877): warning C4244: “参数”: 从“double”转换到“int”，可能丢失数据
     1>f:\项目\wnstock\src\wnstock-v2.0\wnstock\wnstock\wnstockview.cpp(882): warning C4244: “参数”: 从“double”转换到“unsigned int”，可能丢失数据
     1>f:\项目\wnstock\src\wnstock-v2.0\wnstock\wnstock\wnstockview.cpp(882): warning C4996: 'sprintf': This function or variable may be unsafe. Consider using sprintf_s instead. To disable deprecation, use _CRT_SECURE_NO_WARNINGS. See online help for details.
                 c:\program files (x86)\microsoft visual studio 10.0\vc\include\stdio.h(371) : 参见“sprintf”的声明
     1>f:\项目\wnstock\src\wnstock-v2.0\wnstock\wnstock\wnstockview.cpp(883): warning C4244: “参数”: 从“double”转换到“int”，可能丢失数据
     1>f:\项目\wnstock\src\wnstock-v2.0\wnstock\wnstock\wnstockview.cpp(905): warning C4244: “参数”: 从“double”转换到“int”，可能丢失数据
     1>f:\项目\wnstock\src\wnstock-v2.0\wnstock\wnstock\wnstockview.cpp(914): warning C4244: “参数”: 从“double”转换到“unsigned int”，可能丢失数据
     1>f:\项目\wnstock\src\wnstock-v2.0\wnstock\wnstock\wnstockview.cpp(916): warning C4244: “参数”: 从“double”转换到“int”，可能丢失数据
     1>f:\项目\wnstock\src\wnstock-v2.0\wnstock\wnstock\wnstockview.cpp(921): warning C4244: “参数”: 从“double”转换到“int”，可能丢失数据
     1>f:\项目\wnstock\src\wnstock-v2.0\wnstock\wnstock\wnstockview.cpp(933): warning C4996: 'sprintf': This function or variable may be unsafe. Consider using sprintf_s instead. To disable deprecation, use _CRT_SECURE_NO_WARNINGS. See online help for details.
                 c:\program files (x86)\microsoft visual studio 10.0\vc\include\stdio.h(371) : 参见“sprintf”的声明
     1>f:\项目\wnstock\src\wnstock-v2.0\wnstock\wnstock\wnstockview.cpp(934): warning C4244: “参数”: 从“double”转换到“int”，可能丢失数据
     1>f:\项目\wnstock\src\wnstock-v2.0\wnstock\wnstock\wnstockview.cpp(935): warning C4996: 'sprintf': This function or variable may be unsafe. Consider using sprintf_s instead. To disable deprecation, use _CRT_SECURE_NO_WARNINGS. See online help for details.
                 c:\program files (x86)\microsoft visual studio 10.0\vc\include\stdio.h(371) : 参见“sprintf”的声明
     1>f:\项目\wnstock\src\wnstock-v2.0\wnstock\wnstock\wnstockview.cpp(936): warning C4244: “参数”: 从“double”转换到“int”，可能丢失数据
     1>f:\项目\wnstock\src\wnstock-v2.0\wnstock\wnstock\wnstockview.cpp(937): warning C4996: 'sprintf': This function or variable may be unsafe. Consider using sprintf_s instead. To disable deprecation, use _CRT_SECURE_NO_WARNINGS. See online help for details.
                 c:\program files (x86)\microsoft visual studio 10.0\vc\include\stdio.h(371) : 参见“sprintf”的声明
     1>f:\项目\wnstock\src\wnstock-v2.0\wnstock\wnstock\wnstockview.cpp(938): warning C4244: “参数”: 从“double”转换到“int”，可能丢失数据
     1>f:\项目\wnstock\src\wnstock-v2.0\wnstock\wnstock\wnstockview.cpp(957): warning C4244: “参数”: 从“double”转换到“int”，可能丢失数据
     1>f:\项目\wnstock\src\wnstock-v2.0\wnstock\wnstock\wnstockview.cpp(958): warning C4244: “参数”: 从“double”转换到“unsigned int”，可能丢失数据
     1>f:\项目\wnstock\src\wnstock-v2.0\wnstock\wnstock\wnstockview.cpp(958): warning C4996: 'sprintf': This function or variable may be unsafe. Consider using sprintf_s instead. To disable deprecation, use _CRT_SECURE_NO_WARNINGS. See online help for details.
                 c:\program files (x86)\microsoft visual studio 10.0\vc\include\stdio.h(371) : 参见“sprintf”的声明
     1>f:\项目\wnstock\src\wnstock-v2.0\wnstock\wnstock\wnstockview.cpp(959): warning C4244: “参数”: 从“double”转换到“int”，可能丢失数据
     1>f:\项目\wnstock\src\wnstock-v2.0\wnstock\wnstock\wnstockview.cpp(960): warning C4244: “参数”: 从“double”转换到“unsigned int”，可能丢失数据
     1>f:\项目\wnstock\src\wnstock-v2.0\wnstock\wnstock\wnstockview.cpp(960): warning C4996: 'sprintf': This function or variable may be unsafe. Consider using sprintf_s instead. To disable deprecation, use _CRT_SECURE_NO_WARNINGS. See online help for details.
                 c:\program files (x86)\microsoft visual studio 10.0\vc\include\stdio.h(371) : 参见“sprintf”的声明
     1>f:\项目\wnstock\src\wnstock-v2.0\wnstock\wnstock\wnstockview.cpp(961): warning C4244: “参数”: 从“double”转换到“int”，可能丢失数据
     1>f:\项目\wnstock\src\wnstock-v2.0\wnstock\wnstock\wnstockview.cpp(962): warning C4244: “参数”: 从“double”转换到“unsigned int”，可能丢失数据
     1>f:\项目\wnstock\src\wnstock-v2.0\wnstock\wnstock\wnstockview.cpp(962): warning C4996: 'sprintf': This function or variable may be unsafe. Consider using sprintf_s instead. To disable deprecation, use _CRT_SECURE_NO_WARNINGS. See online help for details.
                 c:\program files (x86)\microsoft visual studio 10.0\vc\include\stdio.h(371) : 参见“sprintf”的声明
     1>f:\项目\wnstock\src\wnstock-v2.0\wnstock\wnstock\wnstockview.cpp(963): warning C4244: “参数”: 从“double”转换到“int”，可能丢失数据
     1>f:\项目\wnstock\src\wnstock-v2.0\wnstock\wnstock\wnstockview.cpp(1070): warning C4996: 'sprintf': This function or variable may be unsafe. Consider using sprintf_s instead. To disable deprecation, use _CRT_SECURE_NO_WARNINGS. See online help for details.
                 c:\program files (x86)\microsoft visual studio 10.0\vc\include\stdio.h(371) : 参见“sprintf”的声明
     1>f:\项目\wnstock\src\wnstock-v2.0\wnstock\wnstock\wnstockview.cpp(1087): warning C4244: “参数”: 从“double”转换到“int”，可能丢失数据
     1>f:\项目\wnstock\src\wnstock-v2.0\wnstock\wnstock\wnstockview.cpp(1088): warning C4244: “参数”: 从“double”转换到“int”，可能丢失数据
     1>f:\项目\wnstock\src\wnstock-v2.0\wnstock\wnstock\wnstockview.cpp(1088): warning C4244: “参数”: 从“double”转换到“int”，可能丢失数据
     1>f:\项目\wnstock\src\wnstock-v2.0\wnstock\wnstock\wnstockview.cpp(1089): warning C4244: “参数”: 从“double”转换到“int”，可能丢失数据
     1>f:\项目\wnstock\src\wnstock-v2.0\wnstock\wnstock\wnstockview.cpp(1094): warning C4244: “初始化”: 从“double”转换到“int”，可能丢失数据
     1>f:\项目\wnstock\src\wnstock-v2.0\wnstock\wnstock\wnstockview.cpp(1094): warning C4244: “+=”: 从“double”转换到“int”，可能丢失数据
     1>f:\项目\wnstock\src\wnstock-v2.0\wnstock\wnstock\wnstockview.cpp(1097): warning C4244: “参数”: 从“double”转换到“int”，可能丢失数据
     1>f:\项目\wnstock\src\wnstock-v2.0\wnstock\wnstock\wnstockview.cpp(1102): warning C4244: “参数”: 从“double”转换到“int”，可能丢失数据
     1>f:\项目\wnstock\src\wnstock-v2.0\wnstock\wnstock\wnstockview.cpp(1103): warning C4244: “参数”: 从“double”转换到“int”，可能丢失数据
     1>f:\项目\wnstock\src\wnstock-v2.0\wnstock\wnstock\wnstockview.cpp(1103): warning C4244: “参数”: 从“double”转换到“int”，可能丢失数据
     1>f:\项目\wnstock\src\wnstock-v2.0\wnstock\wnstock\wnstockview.cpp(1107): warning C4244: “参数”: 从“double”转换到“int”，可能丢失数据
     1>f:\项目\wnstock\src\wnstock-v2.0\wnstock\wnstock\wnstockview.cpp(1108): warning C4244: “参数”: 从“double”转换到“int”，可能丢失数据
     1>f:\项目\wnstock\src\wnstock-v2.0\wnstock\wnstock\wnstockview.cpp(1108): warning C4244: “参数”: 从“double”转换到“int”，可能丢失数据
     1>f:\项目\wnstock\src\wnstock-v2.0\wnstock\wnstock\wnstockview.cpp(1111): warning C4244: “初始化”: 从“double”转换到“int”，可能丢失数据
     1>f:\项目\wnstock\src\wnstock-v2.0\wnstock\wnstock\wnstockview.cpp(1111): warning C4244: “+=”: 从“double”转换到“int”，可能丢失数据
     1>f:\项目\wnstock\src\wnstock-v2.0\wnstock\wnstock\wnstockview.cpp(1114): warning C4244: “参数”: 从“double”转换到“int”，可能丢失数据
     1>f:\项目\wnstock\src\wnstock-v2.0\wnstock\wnstock\wnstockview.cpp(1119): warning C4244: “参数”: 从“double”转换到“int”，可能丢失数据
     1>f:\项目\wnstock\src\wnstock-v2.0\wnstock\wnstock\wnstockview.cpp(1120): warning C4244: “参数”: 从“double”转换到“int”，可能丢失数据
     1>f:\项目\wnstock\src\wnstock-v2.0\wnstock\wnstock\wnstockview.cpp(1120): warning C4244: “参数”: 从“double”转换到“int”，可能丢失数据
     1>f:\项目\wnstock\src\wnstock-v2.0\wnstock\wnstock\wnstockview.cpp(1121): warning C4244: “参数”: 从“double”转换到“int”，可能丢失数据
     1>f:\项目\wnstock\src\wnstock-v2.0\wnstock\wnstock\wnstockview.cpp(1121): warning C4244: “参数”: 从“double”转换到“int”，可能丢失数据
     1>f:\项目\wnstock\src\wnstock-v2.0\wnstock\wnstock\wnstockview.cpp(1122): warning C4244: “参数”: 从“double”转换到“int”，可能丢失数据
     1>f:\项目\wnstock\src\wnstock-v2.0\wnstock\wnstock\wnstockview.cpp(1122): warning C4244: “参数”: 从“double”转换到“int”，可能丢失数据
     1>f:\项目\wnstock\src\wnstock-v2.0\wnstock\wnstock\wnstockview.cpp(1123): warning C4244: “参数”: 从“double”转换到“int”，可能丢失数据
     1>f:\项目\wnstock\src\wnstock-v2.0\wnstock\wnstock\wnstockview.cpp(1123): warning C4244: “参数”: 从“double”转换到“int”，可能丢失数据
     1>f:\项目\wnstock\src\wnstock-v2.0\wnstock\wnstock\wnstockview.cpp(1178): warning C4996: 'sprintf': This function or variable may be unsafe. Consider using sprintf_s instead. To disable deprecation, use _CRT_SECURE_NO_WARNINGS. See online help for details.
                 c:\program files (x86)\microsoft visual studio 10.0\vc\include\stdio.h(371) : 参见“sprintf”的声明
     1>f:\项目\wnstock\src\wnstock-v2.0\wnstock\wnstock\wnstockview.cpp(1180): warning C4996: 'sprintf': This function or variable may be unsafe. Consider using sprintf_s instead. To disable deprecation, use _CRT_SECURE_NO_WARNINGS. See online help for details.
                 c:\program files (x86)\microsoft visual studio 10.0\vc\include\stdio.h(371) : 参见“sprintf”的声明
     1>f:\项目\wnstock\src\wnstock-v2.0\wnstock\wnstock\wnstockview.cpp(1183): warning C4996: 'sprintf': This function or variable may be unsafe. Consider using sprintf_s instead. To disable deprecation, use _CRT_SECURE_NO_WARNINGS. See online help for details.
                 c:\program files (x86)\microsoft visual studio 10.0\vc\include\stdio.h(371) : 参见“sprintf”的声明
     1>f:\项目\wnstock\src\wnstock-v2.0\wnstock\wnstock\wnstockview.cpp(1185): warning C4996: 'sprintf': This function or variable may be unsafe. Consider using sprintf_s instead. To disable deprecation, use _CRT_SECURE_NO_WARNINGS. See online help for details.
                 c:\program files (x86)\microsoft visual studio 10.0\vc\include\stdio.h(371) : 参见“sprintf”的声明
     1>f:\项目\wnstock\src\wnstock-v2.0\wnstock\wnstock\wnstockview.cpp(1188): warning C4996: 'sprintf': This function or variable may be unsafe. Consider using sprintf_s instead. To disable deprecation, use _CRT_SECURE_NO_WARNINGS. See online help for details.
                 c:\program files (x86)\microsoft visual studio 10.0\vc\include\stdio.h(371) : 参见“sprintf”的声明
     1>f:\项目\wnstock\src\wnstock-v2.0\wnstock\wnstock\wnstockview.cpp(1190): warning C4996: 'sprintf': This function or variable may be unsafe. Consider using sprintf_s instead. To disable deprecation, use _CRT_SECURE_NO_WARNINGS. See online help for details.
                 c:\program files (x86)\microsoft visual studio 10.0\vc\include\stdio.h(371) : 参见“sprintf”的声明
     1>f:\项目\wnstock\src\wnstock-v2.0\wnstock\wnstock\wnstockview.cpp(1193): warning C4996: 'sprintf': This function or variable may be unsafe. Consider using sprintf_s instead. To disable deprecation, use _CRT_SECURE_NO_WARNINGS. See online help for details.
                 c:\program files (x86)\microsoft visual studio 10.0\vc\include\stdio.h(371) : 参见“sprintf”的声明
     1>f:\项目\wnstock\src\wnstock-v2.0\wnstock\wnstock\wnstockview.cpp(1195): warning C4996: 'sprintf': This function or variable may be unsafe. Consider using sprintf_s instead. To disable deprecation, use _CRT_SECURE_NO_WARNINGS. See online help for details.
                 c:\program files (x86)\microsoft visual studio 10.0\vc\include\stdio.h(371) : 参见“sprintf”的声明
     1>f:\项目\wnstock\src\wnstock-v2.0\wnstock\wnstock\wnstockview.cpp(1198): warning C4996: 'sprintf': This function or variable may be unsafe. Consider using sprintf_s instead. To disable deprecation, use _CRT_SECURE_NO_WARNINGS. See online help for details.
                 c:\program files (x86)\microsoft visual studio 10.0\vc\include\stdio.h(371) : 参见“sprintf”的声明
     1>f:\项目\wnstock\src\wnstock-v2.0\wnstock\wnstock\wnstockview.cpp(1200): warning C4996: 'sprintf': This function or variable may be unsafe. Consider using sprintf_s instead. To disable deprecation, use _CRT_SECURE_NO_WARNINGS. See online help for details.
                 c:\program files (x86)\microsoft visual studio 10.0\vc\include\stdio.h(371) : 参见“sprintf”的声明
     1>f:\项目\wnstock\src\wnstock-v2.0\wnstock\wnstock\wnstockview.cpp(1204): warning C4996: 'sprintf': This function or variable may be unsafe. Consider using sprintf_s instead. To disable deprecation, use _CRT_SECURE_NO_WARNINGS. See online help for details.
                 c:\program files (x86)\microsoft visual studio 10.0\vc\include\stdio.h(371) : 参见“sprintf”的声明
     1>f:\项目\wnstock\src\wnstock-v2.0\wnstock\wnstock\wnstockview.cpp(1206): warning C4996: 'sprintf': This function or variable may be unsafe. Consider using sprintf_s instead. To disable deprecation, use _CRT_SECURE_NO_WARNINGS. See online help for details.
                 c:\program files (x86)\microsoft visual studio 10.0\vc\include\stdio.h(371) : 参见“sprintf”的声明
     1>f:\项目\wnstock\src\wnstock-v2.0\wnstock\wnstock\wnstockview.cpp(1209): warning C4996: 'sprintf': This function or variable may be unsafe. Consider using sprintf_s instead. To disable deprecation, use _CRT_SECURE_NO_WARNINGS. See online help for details.
                 c:\program files (x86)\microsoft visual studio 10.0\vc\include\stdio.h(371) : 参见“sprintf”的声明
     1>f:\项目\wnstock\src\wnstock-v2.0\wnstock\wnstock\wnstockview.cpp(1211): warning C4996: 'sprintf': This function or variable may be unsafe. Consider using sprintf_s instead. To disable deprecation, use _CRT_SECURE_NO_WARNINGS. See online help for details.
                 c:\program files (x86)\microsoft visual studio 10.0\vc\include\stdio.h(371) : 参见“sprintf”的声明
     1>f:\项目\wnstock\src\wnstock-v2.0\wnstock\wnstock\wnstockview.cpp(1214): warning C4996: 'sprintf': This function or variable may be unsafe. Consider using sprintf_s instead. To disable deprecation, use _CRT_SECURE_NO_WARNINGS. See online help for details.
                 c:\program files (x86)\microsoft visual studio 10.0\vc\include\stdio.h(371) : 参见“sprintf”的声明
     1>f:\项目\wnstock\src\wnstock-v2.0\wnstock\wnstock\wnstockview.cpp(1216): warning C4996: 'sprintf': This function or variable may be unsafe. Consider using sprintf_s instead. To disable deprecation, use _CRT_SECURE_NO_WARNINGS. See online help for details.
                 c:\program files (x86)\microsoft visual studio 10.0\vc\include\stdio.h(371) : 参见“sprintf”的声明
     1>f:\项目\wnstock\src\wnstock-v2.0\wnstock\wnstock\wnstockview.cpp(1219): warning C4996: 'sprintf': This function or variable may be unsafe. Consider using sprintf_s instead. To disable deprecation, use _CRT_SECURE_NO_WARNINGS. See online help for details.
                 c:\program files (x86)\microsoft visual studio 10.0\vc\include\stdio.h(371) : 参见“sprintf”的声明
     1>f:\项目\wnstock\src\wnstock-v2.0\wnstock\wnstock\wnstockview.cpp(1221): warning C4996: 'sprintf': This function or variable may be unsafe. Consider using sprintf_s instead. To disable deprecation, use _CRT_SECURE_NO_WARNINGS. See online help for details.
                 c:\program files (x86)\microsoft visual studio 10.0\vc\include\stdio.h(371) : 参见“sprintf”的声明
     1>f:\项目\wnstock\src\wnstock-v2.0\wnstock\wnstock\wnstockview.cpp(1224): warning C4996: 'sprintf': This function or variable may be unsafe. Consider using sprintf_s instead. To disable deprecation, use _CRT_SECURE_NO_WARNINGS. See online help for details.
                 c:\program files (x86)\microsoft visual studio 10.0\vc\include\stdio.h(371) : 参见“sprintf”的声明
     1>f:\项目\wnstock\src\wnstock-v2.0\wnstock\wnstock\wnstockview.cpp(1226): warning C4996: 'sprintf': This function or variable may be unsafe. Consider using sprintf_s instead. To disable deprecation, use _CRT_SECURE_NO_WARNINGS. See online help for details.
                 c:\program files (x86)\microsoft visual studio 10.0\vc\include\stdio.h(371) : 参见“sprintf”的声明
     1>f:\项目\wnstock\src\wnstock-v2.0\wnstock\wnstock\wnstockview.cpp(1230): warning C4996: 'sprintf': This function or variable may be unsafe. Consider using sprintf_s instead. To disable deprecation, use _CRT_SECURE_NO_WARNINGS. See online help for details.
                 c:\program files (x86)\microsoft visual studio 10.0\vc\include\stdio.h(371) : 参见“sprintf”的声明
     1>f:\项目\wnstock\src\wnstock-v2.0\wnstock\wnstock\wnstockview.cpp(1233): warning C4244: “初始化”: 从“double”转换到“float”，可能丢失数据
     1>f:\项目\wnstock\src\wnstock-v2.0\wnstock\wnstock\wnstockview.cpp(1234): warning C4996: 'sprintf': This function or variable may be unsafe. Consider using sprintf_s instead. To disable deprecation, use _CRT_SECURE_NO_WARNINGS. See online help for details.
                 c:\program files (x86)\microsoft visual studio 10.0\vc\include\stdio.h(371) : 参见“sprintf”的声明
     1>f:\项目\wnstock\src\wnstock-v2.0\wnstock\wnstock\wnstockview.cpp(1237): warning C4996: 'sprintf': This function or variable may be unsafe. Consider using sprintf_s instead. To disable deprecation, use _CRT_SECURE_NO_WARNINGS. See online help for details.
                 c:\program files (x86)\microsoft visual studio 10.0\vc\include\stdio.h(371) : 参见“sprintf”的声明
     1>f:\项目\wnstock\src\wnstock-v2.0\wnstock\wnstock\wnstockview.cpp(1240): warning C4996: 'sprintf': This function or variable may be unsafe. Consider using sprintf_s instead. To disable deprecation, use _CRT_SECURE_NO_WARNINGS. See online help for details.
                 c:\program files (x86)\microsoft visual studio 10.0\vc\include\stdio.h(371) : 参见“sprintf”的声明
     1>f:\项目\wnstock\src\wnstock-v2.0\wnstock\wnstock\wnstockview.cpp(1243): warning C4996: 'sprintf': This function or variable may be unsafe. Consider using sprintf_s instead. To disable deprecation, use _CRT_SECURE_NO_WARNINGS. See online help for details.
                 c:\program files (x86)\microsoft visual studio 10.0\vc\include\stdio.h(371) : 参见“sprintf”的声明
     1>f:\项目\wnstock\src\wnstock-v2.0\wnstock\wnstock\wnstockview.cpp(1246): warning C4996: 'sprintf': This function or variable may be unsafe. Consider using sprintf_s instead. To disable deprecation, use _CRT_SECURE_NO_WARNINGS. See online help for details.
                 c:\program files (x86)\microsoft visual studio 10.0\vc\include\stdio.h(371) : 参见“sprintf”的声明
     1>f:\项目\wnstock\src\wnstock-v2.0\wnstock\wnstock\wnstockview.cpp(1253): warning C4996: 'sprintf': This function or variable may be unsafe. Consider using sprintf_s instead. To disable deprecation, use _CRT_SECURE_NO_WARNINGS. See online help for details.
                 c:\program files (x86)\microsoft visual studio 10.0\vc\include\stdio.h(371) : 参见“sprintf”的声明
     1>f:\项目\wnstock\src\wnstock-v2.0\wnstock\wnstock\wnstockview.cpp(1255): warning C4996: 'sprintf': This function or variable may be unsafe. Consider using sprintf_s instead. To disable deprecation, use _CRT_SECURE_NO_WARNINGS. See online help for details.
                 c:\program files (x86)\microsoft visual studio 10.0\vc\include\stdio.h(371) : 参见“sprintf”的声明
     1>f:\项目\wnstock\src\wnstock-v2.0\wnstock\wnstock\wnstockview.cpp(1258): warning C4996: 'sprintf': This function or variable may be unsafe. Consider using sprintf_s instead. To disable deprecation, use _CRT_SECURE_NO_WARNINGS. See online help for details.
                 c:\program files (x86)\microsoft visual studio 10.0\vc\include\stdio.h(371) : 参见“sprintf”的声明
     1>f:\项目\wnstock\src\wnstock-v2.0\wnstock\wnstock\wnstockview.cpp(1260): warning C4996: 'sprintf': This function or variable may be unsafe. Consider using sprintf_s instead. To disable deprecation, use _CRT_SECURE_NO_WARNINGS. See online help for details.
                 c:\program files (x86)\microsoft visual studio 10.0\vc\include\stdio.h(371) : 参见“sprintf”的声明
     1>f:\项目\wnstock\src\wnstock-v2.0\wnstock\wnstock\wnstockview.cpp(1263): warning C4996: 'sprintf': This function or variable may be unsafe. Consider using sprintf_s instead. To disable deprecation, use _CRT_SECURE_NO_WARNINGS. See online help for details.
                 c:\program files (x86)\microsoft visual studio 10.0\vc\include\stdio.h(371) : 参见“sprintf”的声明
     1>f:\项目\wnstock\src\wnstock-v2.0\wnstock\wnstock\wnstockview.cpp(1265): warning C4996: 'sprintf': This function or variable may be unsafe. Consider using sprintf_s instead. To disable deprecation, use _CRT_SECURE_NO_WARNINGS. See online help for details.
                 c:\program files (x86)\microsoft visual studio 10.0\vc\include\stdio.h(371) : 参见“sprintf”的声明
     1>f:\项目\wnstock\src\wnstock-v2.0\wnstock\wnstock\wnstockview.cpp(1268): warning C4996: 'sprintf': This function or variable may be unsafe. Consider using sprintf_s instead. To disable deprecation, use _CRT_SECURE_NO_WARNINGS. See online help for details.
                 c:\program files (x86)\microsoft visual studio 10.0\vc\include\stdio.h(371) : 参见“sprintf”的声明
     1>f:\项目\wnstock\src\wnstock-v2.0\wnstock\wnstock\wnstockview.cpp(1270): warning C4996: 'sprintf': This function or variable may be unsafe. Consider using sprintf_s instead. To disable deprecation, use _CRT_SECURE_NO_WARNINGS. See online help for details.
                 c:\program files (x86)\microsoft visual studio 10.0\vc\include\stdio.h(371) : 参见“sprintf”的声明
     1>f:\项目\wnstock\src\wnstock-v2.0\wnstock\wnstock\wnstockview.cpp(1273): warning C4996: 'sprintf': This function or variable may be unsafe. Consider using sprintf_s instead. To disable deprecation, use _CRT_SECURE_NO_WARNINGS. See online help for details.
                 c:\program files (x86)\microsoft visual studio 10.0\vc\include\stdio.h(371) : 参见“sprintf”的声明
     1>f:\项目\wnstock\src\wnstock-v2.0\wnstock\wnstock\wnstockview.cpp(1275): warning C4996: 'sprintf': This function or variable may be unsafe. Consider using sprintf_s instead. To disable deprecation, use _CRT_SECURE_NO_WARNINGS. See online help for details.
                 c:\program files (x86)\microsoft visual studio 10.0\vc\include\stdio.h(371) : 参见“sprintf”的声明
     1>f:\项目\wnstock\src\wnstock-v2.0\wnstock\wnstock\wnstockview.cpp(1279): warning C4996: 'sprintf': This function or variable may be unsafe. Consider using sprintf_s instead. To disable deprecation, use _CRT_SECURE_NO_WARNINGS. See online help for details.
                 c:\program files (x86)\microsoft visual studio 10.0\vc\include\stdio.h(371) : 参见“sprintf”的声明
     1>f:\项目\wnstock\src\wnstock-v2.0\wnstock\wnstock\wnstockview.cpp(1281): warning C4996: 'sprintf': This function or variable may be unsafe. Consider using sprintf_s instead. To disable deprecation, use _CRT_SECURE_NO_WARNINGS. See online help for details.
                 c:\program files (x86)\microsoft visual studio 10.0\vc\include\stdio.h(371) : 参见“sprintf”的声明
     1>f:\项目\wnstock\src\wnstock-v2.0\wnstock\wnstock\wnstockview.cpp(1284): warning C4996: 'sprintf': This function or variable may be unsafe. Consider using sprintf_s instead. To disable deprecation, use _CRT_SECURE_NO_WARNINGS. See online help for details.
                 c:\program files (x86)\microsoft visual studio 10.0\vc\include\stdio.h(371) : 参见“sprintf”的声明
     1>f:\项目\wnstock\src\wnstock-v2.0\wnstock\wnstock\wnstockview.cpp(1286): warning C4996: 'sprintf': This function or variable may be unsafe. Consider using sprintf_s instead. To disable deprecation, use _CRT_SECURE_NO_WARNINGS. See online help for details.
                 c:\program files (x86)\microsoft visual studio 10.0\vc\include\stdio.h(371) : 参见“sprintf”的声明
     1>f:\项目\wnstock\src\wnstock-v2.0\wnstock\wnstock\wnstockview.cpp(1289): warning C4996: 'sprintf': This function or variable may be unsafe. Consider using sprintf_s instead. To disable deprecation, use _CRT_SECURE_NO_WARNINGS. See online help for details.
                 c:\program files (x86)\microsoft visual studio 10.0\vc\include\stdio.h(371) : 参见“sprintf”的声明
     1>f:\项目\wnstock\src\wnstock-v2.0\wnstock\wnstock\wnstockview.cpp(1291): warning C4996: 'sprintf': This function or variable may be unsafe. Consider using sprintf_s instead. To disable deprecation, use _CRT_SECURE_NO_WARNINGS. See online help for details.
                 c:\program files (x86)\microsoft visual studio 10.0\vc\include\stdio.h(371) : 参见“sprintf”的声明
     1>f:\项目\wnstock\src\wnstock-v2.0\wnstock\wnstock\wnstockview.cpp(1294): warning C4996: 'sprintf': This function or variable may be unsafe. Consider using sprintf_s instead. To disable deprecation, use _CRT_SECURE_NO_WARNINGS. See online help for details.
                 c:\program files (x86)\microsoft visual studio 10.0\vc\include\stdio.h(371) : 参见“sprintf”的声明
     1>f:\项目\wnstock\src\wnstock-v2.0\wnstock\wnstock\wnstockview.cpp(1296): warning C4996: 'sprintf': This function or variable may be unsafe. Consider using sprintf_s instead. To disable deprecation, use _CRT_SECURE_NO_WARNINGS. See online help for details.
                 c:\program files (x86)\microsoft visual studio 10.0\vc\include\stdio.h(371) : 参见“sprintf”的声明
     1>f:\项目\wnstock\src\wnstock-v2.0\wnstock\wnstock\wnstockview.cpp(1299): warning C4996: 'sprintf': This function or variable may be unsafe. Consider using sprintf_s instead. To disable deprecation, use _CRT_SECURE_NO_WARNINGS. See online help for details.
                 c:\program files (x86)\microsoft visual studio 10.0\vc\include\stdio.h(371) : 参见“sprintf”的声明
     1>f:\项目\wnstock\src\wnstock-v2.0\wnstock\wnstock\wnstockview.cpp(1301): warning C4996: 'sprintf': This function or variable may be unsafe. Consider using sprintf_s instead. To disable deprecation, use _CRT_SECURE_NO_WARNINGS. See online help for details.
                 c:\program files (x86)\microsoft visual studio 10.0\vc\include\stdio.h(371) : 参见“sprintf”的声明
     1>f:\项目\wnstock\src\wnstock-v2.0\wnstock\wnstock\wnstockview.cpp(1305): warning C4996: 'sprintf': This function or variable may be unsafe. Consider using sprintf_s instead. To disable deprecation, use _CRT_SECURE_NO_WARNINGS. See online help for details.
                 c:\program files (x86)\microsoft visual studio 10.0\vc\include\stdio.h(371) : 参见“sprintf”的声明
     1>f:\项目\wnstock\src\wnstock-v2.0\wnstock\wnstock\wnstockview.cpp(1308): warning C4244: “初始化”: 从“double”转换到“float”，可能丢失数据
     1>f:\项目\wnstock\src\wnstock-v2.0\wnstock\wnstock\wnstockview.cpp(1309): warning C4996: 'sprintf': This function or variable may be unsafe. Consider using sprintf_s instead. To disable deprecation, use _CRT_SECURE_NO_WARNINGS. See online help for details.
                 c:\program files (x86)\microsoft visual studio 10.0\vc\include\stdio.h(371) : 参见“sprintf”的声明
     1>f:\项目\wnstock\src\wnstock-v2.0\wnstock\wnstock\wnstockview.cpp(1312): warning C4996: 'sprintf': This function or variable may be unsafe. Consider using sprintf_s instead. To disable deprecation, use _CRT_SECURE_NO_WARNINGS. See online help for details.
                 c:\program files (x86)\microsoft visual studio 10.0\vc\include\stdio.h(371) : 参见“sprintf”的声明
     1>f:\项目\wnstock\src\wnstock-v2.0\wnstock\wnstock\wnstockview.cpp(1315): warning C4996: 'sprintf': This function or variable may be unsafe. Consider using sprintf_s instead. To disable deprecation, use _CRT_SECURE_NO_WARNINGS. See online help for details.
                 c:\program files (x86)\microsoft visual studio 10.0\vc\include\stdio.h(371) : 参见“sprintf”的声明
     1>f:\项目\wnstock\src\wnstock-v2.0\wnstock\wnstock\wnstockview.cpp(1318): warning C4996: 'sprintf': This function or variable may be unsafe. Consider using sprintf_s instead. To disable deprecation, use _CRT_SECURE_NO_WARNINGS. See online help for details.
                 c:\program files (x86)\microsoft visual studio 10.0\vc\include\stdio.h(371) : 参见“sprintf”的声明
     1>f:\项目\wnstock\src\wnstock-v2.0\wnstock\wnstock\wnstockview.cpp(1321): warning C4996: 'sprintf': This function or variable may be unsafe. Consider using sprintf_s instead. To disable deprecation, use _CRT_SECURE_NO_WARNINGS. See online help for details.
                 c:\program files (x86)\microsoft visual studio 10.0\vc\include\stdio.h(371) : 参见“sprintf”的声明
     1>f:\项目\wnstock\src\wnstock-v2.0\wnstock\wnstock\wnstockview.cpp(1328): warning C4244: “初始化”: 从“double”转换到“float”，可能丢失数据
     1>f:\项目\wnstock\src\wnstock-v2.0\wnstock\wnstock\wnstockview.cpp(1331): warning C4244: “=”: 从“double”转换到“float”，可能丢失数据
     1>f:\项目\wnstock\src\wnstock-v2.0\wnstock\wnstock\wnstockview.cpp(1335): warning C4244: “=”: 从“double”转换到“float”，可能丢失数据
     1>f:\项目\wnstock\src\wnstock-v2.0\wnstock\wnstock\wnstockview.cpp(1338): warning C4244: “初始化”: 从“double”转换到“float”，可能丢失数据
     1>f:\项目\wnstock\src\wnstock-v2.0\wnstock\wnstock\wnstockview.cpp(1339): warning C4244: “初始化”: 从“double”转换到“float”，可能丢失数据
     1>f:\项目\wnstock\src\wnstock-v2.0\wnstock\wnstock\wnstockview.cpp(1340): warning C4244: “初始化”: 从“double”转换到“float”，可能丢失数据
     1>f:\项目\wnstock\src\wnstock-v2.0\wnstock\wnstock\wnstockview.cpp(1341): warning C4244: “初始化”: 从“double”转换到“float”，可能丢失数据
     1>f:\项目\wnstock\src\wnstock-v2.0\wnstock\wnstock\wnstockview.cpp(1342): warning C4244: “初始化”: 从“double”转换到“float”，可能丢失数据
     1>f:\项目\wnstock\src\wnstock-v2.0\wnstock\wnstock\wnstockview.cpp(1343): warning C4244: “初始化”: 从“double”转换到“float”，可能丢失数据
     1>f:\项目\wnstock\src\wnstock-v2.0\wnstock\wnstock\wnstockview.cpp(1345): warning C4244: “初始化”: 从“double”转换到“float”，可能丢失数据
     1>f:\项目\wnstock\src\wnstock-v2.0\wnstock\wnstock\wnstockview.cpp(1346): warning C4244: “初始化”: 从“double”转换到“float”，可能丢失数据
     1>f:\项目\wnstock\src\wnstock-v2.0\wnstock\wnstock\wnstockview.cpp(1347): warning C4244: “初始化”: 从“double”转换到“float”，可能丢失数据
     1>f:\项目\wnstock\src\wnstock-v2.0\wnstock\wnstock\wnstockview.cpp(1348): warning C4244: “初始化”: 从“double”转换到“float”，可能丢失数据
     1>f:\项目\wnstock\src\wnstock-v2.0\wnstock\wnstock\wnstockview.cpp(1349): warning C4244: “初始化”: 从“double”转换到“float”，可能丢失数据
     1>f:\项目\wnstock\src\wnstock-v2.0\wnstock\wnstock\wnstockview.cpp(1350): warning C4244: “初始化”: 从“double”转换到“float”，可能丢失数据
     1>f:\项目\wnstock\src\wnstock-v2.0\wnstock\wnstock\wnstockview.cpp(1353): warning C4244: “参数”: 从“double”转换到“int”，可能丢失数据
     1>f:\项目\wnstock\src\wnstock-v2.0\wnstock\wnstock\wnstockview.cpp(1354): warning C4996: 'sprintf': This function or variable may be unsafe. Consider using sprintf_s instead. To disable deprecation, use _CRT_SECURE_NO_WARNINGS. See online help for details.
                 c:\program files (x86)\microsoft visual studio 10.0\vc\include\stdio.h(371) : 参见“sprintf”的声明
     1>f:\项目\wnstock\src\wnstock-v2.0\wnstock\wnstock\wnstockview.cpp(1355): warning C4244: “参数”: 从“double”转换到“int”，可能丢失数据
     1>f:\项目\wnstock\src\wnstock-v2.0\wnstock\wnstock\wnstockview.cpp(1356): warning C4244: “参数”: 从“double”转换到“int”，可能丢失数据
     1>f:\项目\wnstock\src\wnstock-v2.0\wnstock\wnstock\wnstockview.cpp(1357): warning C4996: 'sprintf': This function or variable may be unsafe. Consider using sprintf_s instead. To disable deprecation, use _CRT_SECURE_NO_WARNINGS. See online help for details.
                 c:\program files (x86)\microsoft visual studio 10.0\vc\include\stdio.h(371) : 参见“sprintf”的声明
     1>f:\项目\wnstock\src\wnstock-v2.0\wnstock\wnstock\wnstockview.cpp(1358): warning C4244: “参数”: 从“double”转换到“int”，可能丢失数据
     1>f:\项目\wnstock\src\wnstock-v2.0\wnstock\wnstock\wnstockview.cpp(1359): warning C4244: “参数”: 从“double”转换到“int”，可能丢失数据
     1>f:\项目\wnstock\src\wnstock-v2.0\wnstock\wnstock\wnstockview.cpp(1360): warning C4996: 'sprintf': This function or variable may be unsafe. Consider using sprintf_s instead. To disable deprecation, use _CRT_SECURE_NO_WARNINGS. See online help for details.
                 c:\program files (x86)\microsoft visual studio 10.0\vc\include\stdio.h(371) : 参见“sprintf”的声明
     1>f:\项目\wnstock\src\wnstock-v2.0\wnstock\wnstock\wnstockview.cpp(1361): warning C4244: “参数”: 从“double”转换到“int”，可能丢失数据
     1>f:\项目\wnstock\src\wnstock-v2.0\wnstock\wnstock\wnstockview.cpp(1362): warning C4244: “参数”: 从“double”转换到“int”，可能丢失数据
     1>f:\项目\wnstock\src\wnstock-v2.0\wnstock\wnstock\wnstockview.cpp(1363): warning C4996: 'sprintf': This function or variable may be unsafe. Consider using sprintf_s instead. To disable deprecation, use _CRT_SECURE_NO_WARNINGS. See online help for details.
                 c:\program files (x86)\microsoft visual studio 10.0\vc\include\stdio.h(371) : 参见“sprintf”的声明
     1>f:\项目\wnstock\src\wnstock-v2.0\wnstock\wnstock\wnstockview.cpp(1364): warning C4244: “参数”: 从“double”转换到“int”，可能丢失数据
     1>f:\项目\wnstock\src\wnstock-v2.0\wnstock\wnstock\wnstockview.cpp(1365): warning C4244: “参数”: 从“double”转换到“int”，可能丢失数据
     1>f:\项目\wnstock\src\wnstock-v2.0\wnstock\wnstock\wnstockview.cpp(1366): warning C4996: 'sprintf': This function or variable may be unsafe. Consider using sprintf_s instead. To disable deprecation, use _CRT_SECURE_NO_WARNINGS. See online help for details.
                 c:\program files (x86)\microsoft visual studio 10.0\vc\include\stdio.h(371) : 参见“sprintf”的声明
     1>f:\项目\wnstock\src\wnstock-v2.0\wnstock\wnstock\wnstockview.cpp(1367): warning C4244: “参数”: 从“double”转换到“int”，可能丢失数据
     1>f:\项目\wnstock\src\wnstock-v2.0\wnstock\wnstock\wnstockview.cpp(1369): warning C4996: 'sprintf': This function or variable may be unsafe. Consider using sprintf_s instead. To disable deprecation, use _CRT_SECURE_NO_WARNINGS. See online help for details.
                 c:\program files (x86)\microsoft visual studio 10.0\vc\include\stdio.h(371) : 参见“sprintf”的声明
     1>f:\项目\wnstock\src\wnstock-v2.0\wnstock\wnstock\wnstockview.cpp(1372): warning C4244: “参数”: 从“double”转换到“int”，可能丢失数据
     1>f:\项目\wnstock\src\wnstock-v2.0\wnstock\wnstock\wnstockview.cpp(1374): warning C4996: 'sprintf': This function or variable may be unsafe. Consider using sprintf_s instead. To disable deprecation, use _CRT_SECURE_NO_WARNINGS. See online help for details.
                 c:\program files (x86)\microsoft visual studio 10.0\vc\include\stdio.h(371) : 参见“sprintf”的声明
     1>f:\项目\wnstock\src\wnstock-v2.0\wnstock\wnstock\wnstockview.cpp(1375): warning C4244: “参数”: 从“double”转换到“int”，可能丢失数据
     1>f:\项目\wnstock\src\wnstock-v2.0\wnstock\wnstock\wnstockview.cpp(1377): warning C4244: “参数”: 从“double”转换到“int”，可能丢失数据
     1>f:\项目\wnstock\src\wnstock-v2.0\wnstock\wnstock\wnstockview.cpp(1378): warning C4996: 'sprintf': This function or variable may be unsafe. Consider using sprintf_s instead. To disable deprecation, use _CRT_SECURE_NO_WARNINGS. See online help for details.
                 c:\program files (x86)\microsoft visual studio 10.0\vc\include\stdio.h(371) : 参见“sprintf”的声明
     1>f:\项目\wnstock\src\wnstock-v2.0\wnstock\wnstock\wnstockview.cpp(1379): warning C4244: “参数”: 从“double”转换到“int”，可能丢失数据
     1>f:\项目\wnstock\src\wnstock-v2.0\wnstock\wnstock\wnstockview.cpp(1380): warning C4244: “参数”: 从“double”转换到“int”，可能丢失数据
     1>f:\项目\wnstock\src\wnstock-v2.0\wnstock\wnstock\wnstockview.cpp(1381): warning C4996: 'sprintf': This function or variable may be unsafe. Consider using sprintf_s instead. To disable deprecation, use _CRT_SECURE_NO_WARNINGS. See online help for details.
                 c:\program files (x86)\microsoft visual studio 10.0\vc\include\stdio.h(371) : 参见“sprintf”的声明
     1>f:\项目\wnstock\src\wnstock-v2.0\wnstock\wnstock\wnstockview.cpp(1382): warning C4244: “参数”: 从“double”转换到“int”，可能丢失数据
     1>f:\项目\wnstock\src\wnstock-v2.0\wnstock\wnstock\wnstockview.cpp(1383): warning C4244: “参数”: 从“double”转换到“int”，可能丢失数据
     1>f:\项目\wnstock\src\wnstock-v2.0\wnstock\wnstock\wnstockview.cpp(1384): warning C4996: 'sprintf': This function or variable may be unsafe. Consider using sprintf_s instead. To disable deprecation, use _CRT_SECURE_NO_WARNINGS. See online help for details.
                 c:\program files (x86)\microsoft visual studio 10.0\vc\include\stdio.h(371) : 参见“sprintf”的声明
     1>f:\项目\wnstock\src\wnstock-v2.0\wnstock\wnstock\wnstockview.cpp(1385): warning C4244: “参数”: 从“double”转换到“int”，可能丢失数据
     1>f:\项目\wnstock\src\wnstock-v2.0\wnstock\wnstock\wnstockview.cpp(1386): warning C4244: “参数”: 从“double”转换到“int”，可能丢失数据
     1>f:\项目\wnstock\src\wnstock-v2.0\wnstock\wnstock\wnstockview.cpp(1387): warning C4996: 'sprintf': This function or variable may be unsafe. Consider using sprintf_s instead. To disable deprecation, use _CRT_SECURE_NO_WARNINGS. See online help for details.
                 c:\program files (x86)\microsoft visual studio 10.0\vc\include\stdio.h(371) : 参见“sprintf”的声明
     1>f:\项目\wnstock\src\wnstock-v2.0\wnstock\wnstock\wnstockview.cpp(1388): warning C4244: “参数”: 从“double”转换到“int”，可能丢失数据
     1>f:\项目\wnstock\src\wnstock-v2.0\wnstock\wnstock\wnstockview.cpp(1389): warning C4244: “参数”: 从“double”转换到“int”，可能丢失数据
     1>f:\项目\wnstock\src\wnstock-v2.0\wnstock\wnstock\wnstockview.cpp(1390): warning C4996: 'sprintf': This function or variable may be unsafe. Consider using sprintf_s instead. To disable deprecation, use _CRT_SECURE_NO_WARNINGS. See online help for details.
                 c:\program files (x86)\microsoft visual studio 10.0\vc\include\stdio.h(371) : 参见“sprintf”的声明
     1>f:\项目\wnstock\src\wnstock-v2.0\wnstock\wnstock\wnstockview.cpp(1391): warning C4244: “参数”: 从“double”转换到“int”，可能丢失数据
     1>f:\项目\wnstock\src\wnstock-v2.0\wnstock\wnstock\wnstockview.cpp(1392): warning C4244: “参数”: 从“double”转换到“int”，可能丢失数据
     1>f:\项目\wnstock\src\wnstock-v2.0\wnstock\wnstock\wnstockview.cpp(1393): warning C4996: 'sprintf': This function or variable may be unsafe. Consider using sprintf_s instead. To disable deprecation, use _CRT_SECURE_NO_WARNINGS. See online help for details.
                 c:\program files (x86)\microsoft visual studio 10.0\vc\include\stdio.h(371) : 参见“sprintf”的声明
     1>f:\项目\wnstock\src\wnstock-v2.0\wnstock\wnstock\wnstockview.cpp(1394): warning C4244: “参数”: 从“double”转换到“int”，可能丢失数据
     1>f:\项目\wnstock\src\wnstock-v2.0\wnstock\wnstock\wnstockview.cpp(1412): warning C4244: “参数”: 从“double”转换到“int”，可能丢失数据
     1>f:\项目\wnstock\src\wnstock-v2.0\wnstock\wnstock\wnstockview.cpp(1412): warning C4244: “参数”: 从“double”转换到“int”，可能丢失数据
     1>f:\项目\wnstock\src\wnstock-v2.0\wnstock\wnstock\wnstockview.cpp(1413): warning C4996: 'sprintf': This function or variable may be unsafe. Consider using sprintf_s instead. To disable deprecation, use _CRT_SECURE_NO_WARNINGS. See online help for details.
                 c:\program files (x86)\microsoft visual studio 10.0\vc\include\stdio.h(371) : 参见“sprintf”的声明
     1>f:\项目\wnstock\src\wnstock-v2.0\wnstock\wnstock\wnstockview.cpp(1414): warning C4244: “参数”: 从“double”转换到“int”，可能丢失数据
     1>f:\项目\wnstock\src\wnstock-v2.0\wnstock\wnstock\wnstockview.cpp(1414): warning C4244: “参数”: 从“double”转换到“int”，可能丢失数据
     1>f:\项目\wnstock\src\wnstock-v2.0\wnstock\wnstock\wnstockview.cpp(1415): warning C4244: “参数”: 从“double”转换到“int”，可能丢失数据
     1>f:\项目\wnstock\src\wnstock-v2.0\wnstock\wnstock\wnstockview.cpp(1415): warning C4244: “参数”: 从“double”转换到“int”，可能丢失数据
     1>f:\项目\wnstock\src\wnstock-v2.0\wnstock\wnstock\wnstockview.cpp(1416): warning C4996: 'sprintf': This function or variable may be unsafe. Consider using sprintf_s instead. To disable deprecation, use _CRT_SECURE_NO_WARNINGS. See online help for details.
                 c:\program files (x86)\microsoft visual studio 10.0\vc\include\stdio.h(371) : 参见“sprintf”的声明
     1>f:\项目\wnstock\src\wnstock-v2.0\wnstock\wnstock\wnstockview.cpp(1417): warning C4244: “参数”: 从“double”转换到“int”，可能丢失数据
     1>f:\项目\wnstock\src\wnstock-v2.0\wnstock\wnstock\wnstockview.cpp(1417): warning C4244: “参数”: 从“double”转换到“int”，可能丢失数据
     1>f:\项目\wnstock\src\wnstock-v2.0\wnstock\wnstock\wnstockview.cpp(1418): warning C4244: “参数”: 从“double”转换到“int”，可能丢失数据
     1>f:\项目\wnstock\src\wnstock-v2.0\wnstock\wnstock\wnstockview.cpp(1418): warning C4244: “参数”: 从“double”转换到“int”，可能丢失数据
     1>f:\项目\wnstock\src\wnstock-v2.0\wnstock\wnstock\wnstockview.cpp(1419): warning C4996: 'sprintf': This function or variable may be unsafe. Consider using sprintf_s instead. To disable deprecation, use _CRT_SECURE_NO_WARNINGS. See online help for details.
                 c:\program files (x86)\microsoft visual studio 10.0\vc\include\stdio.h(371) : 参见“sprintf”的声明
     1>f:\项目\wnstock\src\wnstock-v2.0\wnstock\wnstock\wnstockview.cpp(1420): warning C4244: “参数”: 从“double”转换到“int”，可能丢失数据
     1>f:\项目\wnstock\src\wnstock-v2.0\wnstock\wnstock\wnstockview.cpp(1420): warning C4244: “参数”: 从“double”转换到“int”，可能丢失数据
     1>f:\项目\wnstock\src\wnstock-v2.0\wnstock\wnstock\wnstockview.cpp(1421): warning C4244: “参数”: 从“double”转换到“int”，可能丢失数据
     1>f:\项目\wnstock\src\wnstock-v2.0\wnstock\wnstock\wnstockview.cpp(1421): warning C4244: “参数”: 从“double”转换到“int”，可能丢失数据
     1>f:\项目\wnstock\src\wnstock-v2.0\wnstock\wnstock\wnstockview.cpp(1422): warning C4996: 'sprintf': This function or variable may be unsafe. Consider using sprintf_s instead. To disable deprecation, use _CRT_SECURE_NO_WARNINGS. See online help for details.
                 c:\program files (x86)\microsoft visual studio 10.0\vc\include\stdio.h(371) : 参见“sprintf”的声明
     1>f:\项目\wnstock\src\wnstock-v2.0\wnstock\wnstock\wnstockview.cpp(1423): warning C4244: “参数”: 从“double”转换到“int”，可能丢失数据
     1>f:\项目\wnstock\src\wnstock-v2.0\wnstock\wnstock\wnstockview.cpp(1423): warning C4244: “参数”: 从“double”转换到“int”，可能丢失数据
     1>f:\项目\wnstock\src\wnstock-v2.0\wnstock\wnstock\wnstockview.cpp(1424): warning C4244: “参数”: 从“double”转换到“int”，可能丢失数据
     1>f:\项目\wnstock\src\wnstock-v2.0\wnstock\wnstock\wnstockview.cpp(1424): warning C4244: “参数”: 从“double”转换到“int”，可能丢失数据
     1>f:\项目\wnstock\src\wnstock-v2.0\wnstock\wnstock\wnstockview.cpp(1425): warning C4996: 'sprintf': This function or variable may be unsafe. Consider using sprintf_s instead. To disable deprecation, use _CRT_SECURE_NO_WARNINGS. See online help for details.
                 c:\program files (x86)\microsoft visual studio 10.0\vc\include\stdio.h(371) : 参见“sprintf”的声明
     1>f:\项目\wnstock\src\wnstock-v2.0\wnstock\wnstock\wnstockview.cpp(1426): warning C4244: “参数”: 从“double”转换到“int”，可能丢失数据
     1>f:\项目\wnstock\src\wnstock-v2.0\wnstock\wnstock\wnstockview.cpp(1426): warning C4244: “参数”: 从“double”转换到“int”，可能丢失数据
     1>f:\项目\wnstock\src\wnstock-v2.0\wnstock\wnstock\wnstockview.cpp(1427): warning C4244: “参数”: 从“double”转换到“int”，可能丢失数据
     1>f:\项目\wnstock\src\wnstock-v2.0\wnstock\wnstock\wnstockview.cpp(1428): warning C4996: 'sprintf': This function or variable may be unsafe. Consider using sprintf_s instead. To disable deprecation, use _CRT_SECURE_NO_WARNINGS. See online help for details.
                 c:\program files (x86)\microsoft visual studio 10.0\vc\include\stdio.h(371) : 参见“sprintf”的声明
     1>f:\项目\wnstock\src\wnstock-v2.0\wnstock\wnstock\wnstockview.cpp(1429): warning C4244: “参数”: 从“double”转换到“int”，可能丢失数据
     1>f:\项目\wnstock\src\wnstock-v2.0\wnstock\wnstock\wnstockview.cpp(1432): warning C4244: “参数”: 从“double”转换到“int”，可能丢失数据
     1>f:\项目\wnstock\src\wnstock-v2.0\wnstock\wnstock\wnstockview.cpp(1432): warning C4244: “参数”: 从“double”转换到“int”，可能丢失数据
     1>f:\项目\wnstock\src\wnstock-v2.0\wnstock\wnstock\wnstockview.cpp(1433): warning C4244: “参数”: 从“double”转换到“int”，可能丢失数据
     1>f:\项目\wnstock\src\wnstock-v2.0\wnstock\wnstock\wnstockview.cpp(1433): warning C4244: “参数”: 从“double”转换到“int”，可能丢失数据
     1>f:\项目\wnstock\src\wnstock-v2.0\wnstock\wnstock\wnstockview.cpp(1436): warning C4244: “参数”: 从“double”转换到“int”，可能丢失数据
     1>f:\项目\wnstock\src\wnstock-v2.0\wnstock\wnstock\wnstockview.cpp(1436): warning C4244: “参数”: 从“double”转换到“int”，可能丢失数据
     1>f:\项目\wnstock\src\wnstock-v2.0\wnstock\wnstock\wnstockview.cpp(1437): warning C4996: 'sprintf': This function or variable may be unsafe. Consider using sprintf_s instead. To disable deprecation, use _CRT_SECURE_NO_WARNINGS. See online help for details.
                 c:\program files (x86)\microsoft visual studio 10.0\vc\include\stdio.h(371) : 参见“sprintf”的声明
     1>f:\项目\wnstock\src\wnstock-v2.0\wnstock\wnstock\wnstockview.cpp(1438): warning C4244: “参数”: 从“double”转换到“int”，可能丢失数据
     1>f:\项目\wnstock\src\wnstock-v2.0\wnstock\wnstock\wnstockview.cpp(1438): warning C4244: “参数”: 从“double”转换到“int”，可能丢失数据
     1>f:\项目\wnstock\src\wnstock-v2.0\wnstock\wnstock\wnstockview.cpp(1439): warning C4244: “参数”: 从“double”转换到“int”，可能丢失数据
     1>f:\项目\wnstock\src\wnstock-v2.0\wnstock\wnstock\wnstockview.cpp(1439): warning C4244: “参数”: 从“double”转换到“int”，可能丢失数据
     1>f:\项目\wnstock\src\wnstock-v2.0\wnstock\wnstock\wnstockview.cpp(1440): warning C4996: 'sprintf': This function or variable may be unsafe. Consider using sprintf_s instead. To disable deprecation, use _CRT_SECURE_NO_WARNINGS. See online help for details.
                 c:\program files (x86)\microsoft visual studio 10.0\vc\include\stdio.h(371) : 参见“sprintf”的声明
     1>f:\项目\wnstock\src\wnstock-v2.0\wnstock\wnstock\wnstockview.cpp(1441): warning C4244: “参数”: 从“double”转换到“int”，可能丢失数据
     1>f:\项目\wnstock\src\wnstock-v2.0\wnstock\wnstock\wnstockview.cpp(1441): warning C4244: “参数”: 从“double”转换到“int”，可能丢失数据
     1>f:\项目\wnstock\src\wnstock-v2.0\wnstock\wnstock\wnstockview.cpp(1442): warning C4244: “参数”: 从“double”转换到“int”，可能丢失数据
     1>f:\项目\wnstock\src\wnstock-v2.0\wnstock\wnstock\wnstockview.cpp(1442): warning C4244: “参数”: 从“double”转换到“int”，可能丢失数据
     1>f:\项目\wnstock\src\wnstock-v2.0\wnstock\wnstock\wnstockview.cpp(1443): warning C4996: 'sprintf': This function or variable may be unsafe. Consider using sprintf_s instead. To disable deprecation, use _CRT_SECURE_NO_WARNINGS. See online help for details.
                 c:\program files (x86)\microsoft visual studio 10.0\vc\include\stdio.h(371) : 参见“sprintf”的声明
     1>f:\项目\wnstock\src\wnstock-v2.0\wnstock\wnstock\wnstockview.cpp(1444): warning C4244: “参数”: 从“double”转换到“int”，可能丢失数据
     1>f:\项目\wnstock\src\wnstock-v2.0\wnstock\wnstock\wnstockview.cpp(1444): warning C4244: “参数”: 从“double”转换到“int”，可能丢失数据
     1>f:\项目\wnstock\src\wnstock-v2.0\wnstock\wnstock\wnstockview.cpp(1445): warning C4244: “参数”: 从“double”转换到“int”，可能丢失数据
     1>f:\项目\wnstock\src\wnstock-v2.0\wnstock\wnstock\wnstockview.cpp(1445): warning C4244: “参数”: 从“double”转换到“int”，可能丢失数据
     1>f:\项目\wnstock\src\wnstock-v2.0\wnstock\wnstock\wnstockview.cpp(1446): warning C4996: 'sprintf': This function or variable may be unsafe. Consider using sprintf_s instead. To disable deprecation, use _CRT_SECURE_NO_WARNINGS. See online help for details.
                 c:\program files (x86)\microsoft visual studio 10.0\vc\include\stdio.h(371) : 参见“sprintf”的声明
     1>f:\项目\wnstock\src\wnstock-v2.0\wnstock\wnstock\wnstockview.cpp(1447): warning C4244: “参数”: 从“double”转换到“int”，可能丢失数据
     1>f:\项目\wnstock\src\wnstock-v2.0\wnstock\wnstock\wnstockview.cpp(1447): warning C4244: “参数”: 从“double”转换到“int”，可能丢失数据
     1>f:\项目\wnstock\src\wnstock-v2.0\wnstock\wnstock\wnstockview.cpp(1448): warning C4244: “参数”: 从“double”转换到“int”，可能丢失数据
     1>f:\项目\wnstock\src\wnstock-v2.0\wnstock\wnstock\wnstockview.cpp(1448): warning C4244: “参数”: 从“double”转换到“int”，可能丢失数据
     1>f:\项目\wnstock\src\wnstock-v2.0\wnstock\wnstock\wnstockview.cpp(1449): warning C4996: 'sprintf': This function or variable may be unsafe. Consider using sprintf_s instead. To disable deprecation, use _CRT_SECURE_NO_WARNINGS. See online help for details.
                 c:\program files (x86)\microsoft visual studio 10.0\vc\include\stdio.h(371) : 参见“sprintf”的声明
     1>f:\项目\wnstock\src\wnstock-v2.0\wnstock\wnstock\wnstockview.cpp(1450): warning C4244: “参数”: 从“double”转换到“int”，可能丢失数据
     1>f:\项目\wnstock\src\wnstock-v2.0\wnstock\wnstock\wnstockview.cpp(1450): warning C4244: “参数”: 从“double”转换到“int”，可能丢失数据
     1>f:\项目\wnstock\src\wnstock-v2.0\wnstock\wnstock\wnstockview.cpp(1451): warning C4244: “参数”: 从“double”转换到“int”，可能丢失数据
     1>f:\项目\wnstock\src\wnstock-v2.0\wnstock\wnstock\wnstockview.cpp(1451): warning C4244: “参数”: 从“double”转换到“int”，可能丢失数据
     1>f:\项目\wnstock\src\wnstock-v2.0\wnstock\wnstock\wnstockview.cpp(1452): warning C4996: 'sprintf': This function or variable may be unsafe. Consider using sprintf_s instead. To disable deprecation, use _CRT_SECURE_NO_WARNINGS. See online help for details.
                 c:\program files (x86)\microsoft visual studio 10.0\vc\include\stdio.h(371) : 参见“sprintf”的声明
     1>f:\项目\wnstock\src\wnstock-v2.0\wnstock\wnstock\wnstockview.cpp(1453): warning C4244: “参数”: 从“double”转换到“int”，可能丢失数据
     1>f:\项目\wnstock\src\wnstock-v2.0\wnstock\wnstock\wnstockview.cpp(1453): warning C4244: “参数”: 从“double”转换到“int”，可能丢失数据
     1>f:\项目\wnstock\src\wnstock-v2.0\wnstock\wnstock\wnstockview.cpp(1499): warning C4244: “参数”: 从“double”转换到“int”，可能丢失数据
     1>f:\项目\wnstock\src\wnstock-v2.0\wnstock\wnstock\wnstockview.cpp(1698): warning C4244: “=”: 从“double”转换到“int”，可能丢失数据
     1>f:\项目\wnstock\src\wnstock-v2.0\wnstock\wnstock\wnstockview.cpp(1722): warning C4244: “=”: 从“double”转换到“int”，可能丢失数据
     1>f:\项目\wnstock\src\wnstock-v2.0\wnstock\wnstock\wnstockview.cpp(1747): warning C4244: “初始化”: 从“double”转换到“int”，可能丢失数据
     1>f:\项目\wnstock\src\wnstock-v2.0\wnstock\wnstock\wnstockview.cpp(1748): warning C4244: “=”: 从“double”转换到“int”，可能丢失数据
     1>f:\项目\wnstock\src\wnstock-v2.0\wnstock\wnstock\wnstockview.cpp(1756): warning C4244: “=”: 从“double”转换到“int”，可能丢失数据
     1>f:\项目\wnstock\src\wnstock-v2.0\wnstock\wnstock\wnstockview.cpp(1768): warning C4244: “初始化”: 从“double”转换到“int”，可能丢失数据
     1>f:\项目\wnstock\src\wnstock-v2.0\wnstock\wnstock\wnstockview.cpp(1769): warning C4244: “=”: 从“double”转换到“int”，可能丢失数据
     1>f:\项目\wnstock\src\wnstock-v2.0\wnstock\wnstock\wnstockview.cpp(1777): warning C4244: “=”: 从“double”转换到“int”，可能丢失数据
     1>f:\项目\wnstock\src\wnstock-v2.0\wnstock\wnstock\wnstockview.cpp(1680): warning C4101: “kBegin0”: 未引用的局部变量
         WnStockDoc.cpp
     1>f:\项目\wnstock\src\wnstock-v2.0\wnstock\wnstock\wnstockdoc.cpp(217): warning C4018: “<”: 有符号/无符号不匹配
     1>f:\项目\wnstock\src\wnstock-v2.0\wnstock\wnstock\wnstockdoc.cpp(243): warning C4018: “<”: 有符号/无符号不匹配
     1>f:\项目\wnstock\src\wnstock-v2.0\wnstock\wnstock\wnstockdoc.cpp(314): warning C4244: “=”: 从“double”转换到“int”，可能丢失数据
     1>f:\项目\wnstock\src\wnstock-v2.0\wnstock\wnstock\wnstockdoc.cpp(467): warning C4244: “初始化”: 从“double”转换到“int”，可能丢失数据
     1>f:\项目\wnstock\src\wnstock-v2.0\wnstock\wnstock\wnstockdoc.cpp(470): warning C4244: “参数”: 从“double”转换到“unsigned int”，可能丢失数据
     1>f:\项目\wnstock\src\wnstock-v2.0\wnstock\wnstock\wnstockdoc.cpp(478): warning C4244: “初始化”: 从“double”转换到“int”，可能丢失数据
     1>f:\项目\wnstock\src\wnstock-v2.0\wnstock\wnstock\wnstockdoc.cpp(481): warning C4244: “参数”: 从“double”转换到“unsigned int”，可能丢失数据
     1>f:\项目\wnstock\src\wnstock-v2.0\wnstock\wnstock\wnstockdoc.cpp(489): warning C4244: “初始化”: 从“double”转换到“int”，可能丢失数据
     1>f:\项目\wnstock\src\wnstock-v2.0\wnstock\wnstock\wnstockdoc.cpp(492): warning C4244: “参数”: 从“double”转换到“unsigned int”，可能丢失数据
     1>f:\项目\wnstock\src\wnstock-v2.0\wnstock\wnstock\wnstockdoc.cpp(530): warning C4244: “=”: 从“double”转换到“int”，可能丢失数据
     1>f:\项目\wnstock\src\wnstock-v2.0\wnstock\wnstock\wnstockdoc.cpp(534): warning C4244: “=”: 从“__int64”转换到“double”，可能丢失数据
     1>f:\项目\wnstock\src\wnstock-v2.0\wnstock\wnstock\wnstockdoc.cpp(542): warning C4244: “=”: 从“double”转换到“LONG”，可能丢失数据
     1>f:\项目\wnstock\src\wnstock-v2.0\wnstock\wnstock\wnstockdoc.cpp(543): warning C4244: “=”: 从“double”转换到“LONG”，可能丢失数据
     1>f:\项目\wnstock\src\wnstock-v2.0\wnstock\wnstock\wnstockdoc.cpp(545): warning C4244: “=”: 从“double”转换到“LONG”，可能丢失数据
     1>f:\项目\wnstock\src\wnstock-v2.0\wnstock\wnstock\wnstockdoc.cpp(662): warning C4244: “初始化”: 从“double”转换到“int”，可能丢失数据
     1>f:\项目\wnstock\src\wnstock-v2.0\wnstock\wnstock\wnstockdoc.cpp(666): warning C4244: “=”: 从“double”转换到“float”，可能丢失数据
     1>f:\项目\wnstock\src\wnstock-v2.0\wnstock\wnstock\wnstockdoc.cpp(670): warning C4244: “=”: 从“double”转换到“float”，可能丢失数据
     1>f:\项目\wnstock\src\wnstock-v2.0\wnstock\wnstock\wnstockdoc.cpp(674): warning C4244: “初始化”: 从“double”转换到“int”，可能丢失数据
     1>f:\项目\wnstock\src\wnstock-v2.0\wnstock\wnstock\wnstockdoc.cpp(678): warning C4244: “=”: 从“double”转换到“LONG”，可能丢失数据
     1>f:\项目\wnstock\src\wnstock-v2.0\wnstock\wnstock\wnstockdoc.cpp(679): warning C4244: “=”: 从“double”转换到“LONG”，可能丢失数据
     1>f:\项目\wnstock\src\wnstock-v2.0\wnstock\wnstock\wnstockdoc.cpp(683): warning C4244: “=”: 从“double”转换到“LONG”，可能丢失数据
     1>f:\项目\wnstock\src\wnstock-v2.0\wnstock\wnstock\wnstockdoc.cpp(684): warning C4244: “=”: 从“double”转换到“LONG”，可能丢失数据
     1>f:\项目\wnstock\src\wnstock-v2.0\wnstock\wnstock\wnstockdoc.cpp(694): warning C4244: “初始化”: 从“double”转换到“int”，可能丢失数据
     1>f:\项目\wnstock\src\wnstock-v2.0\wnstock\wnstock\wnstockdoc.cpp(706): warning C4244: “初始化”: 从“double”转换到“int”，可能丢失数据
     1>f:\项目\wnstock\src\wnstock-v2.0\wnstock\wnstock\wnstockdoc.cpp(710): warning C4244: “=”: 从“double”转换到“LONG”，可能丢失数据
     1>f:\项目\wnstock\src\wnstock-v2.0\wnstock\wnstock\wnstockdoc.cpp(711): warning C4244: “=”: 从“double”转换到“LONG”，可能丢失数据
     1>f:\项目\wnstock\src\wnstock-v2.0\wnstock\wnstock\wnstockdoc.cpp(715): warning C4244: “=”: 从“double”转换到“LONG”，可能丢失数据
     1>f:\项目\wnstock\src\wnstock-v2.0\wnstock\wnstock\wnstockdoc.cpp(716): warning C4244: “=”: 从“double”转换到“LONG”，可能丢失数据
     1>f:\项目\wnstock\src\wnstock-v2.0\wnstock\wnstock\wnstockdoc.cpp(725): warning C4244: “初始化”: 从“double”转换到“int”，可能丢失数据
     1>f:\项目\wnstock\src\wnstock-v2.0\wnstock\wnstock\wnstockdoc.cpp(737): warning C4244: “初始化”: 从“double”转换到“int”，可能丢失数据
     1>f:\项目\wnstock\src\wnstock-v2.0\wnstock\wnstock\wnstockdoc.cpp(741): warning C4244: “=”: 从“double”转换到“LONG”，可能丢失数据
     1>f:\项目\wnstock\src\wnstock-v2.0\wnstock\wnstock\wnstockdoc.cpp(742): warning C4244: “=”: 从“double”转换到“LONG”，可能丢失数据
     1>f:\项目\wnstock\src\wnstock-v2.0\wnstock\wnstock\wnstockdoc.cpp(746): warning C4244: “=”: 从“double”转换到“LONG”，可能丢失数据
     1>f:\项目\wnstock\src\wnstock-v2.0\wnstock\wnstock\wnstockdoc.cpp(747): warning C4244: “=”: 从“double”转换到“LONG”，可能丢失数据
     1>f:\项目\wnstock\src\wnstock-v2.0\wnstock\wnstock\wnstockdoc.cpp(879): warning C4244: “初始化”: 从“double”转换到“float”，可能丢失数据
     1>f:\项目\wnstock\src\wnstock-v2.0\wnstock\wnstock\wnstockdoc.cpp(896): warning C4244: “=”: 从“__int64”转换到“int”，可能丢失数据
     1>f:\项目\wnstock\src\wnstock-v2.0\wnstock\wnstock\wnstockdoc.cpp(949): warning C4244: “初始化”: 从“double”转换到“float”，可能丢失数据
     1>f:\项目\wnstock\src\wnstock-v2.0\wnstock\wnstock\wnstockdoc.cpp(971): warning C4244: “=”: 从“double”转换到“LONG”，可能丢失数据
     1>f:\项目\wnstock\src\wnstock-v2.0\wnstock\wnstock\wnstockdoc.cpp(972): warning C4244: “=”: 从“double”转换到“LONG”，可能丢失数据
     1>f:\项目\wnstock\src\wnstock-v2.0\wnstock\wnstock\wnstockdoc.cpp(977): warning C4244: “=”: 从“double”转换到“LONG”，可能丢失数据
     1>f:\项目\wnstock\src\wnstock-v2.0\wnstock\wnstock\wnstockdoc.cpp(978): warning C4244: “=”: 从“double”转换到“LONG”，可能丢失数据
     1>f:\项目\wnstock\src\wnstock-v2.0\wnstock\wnstock\wnstockdoc.cpp(986): warning C4244: “=”: 从“double”转换到“LONG”，可能丢失数据
     1>f:\项目\wnstock\src\wnstock-v2.0\wnstock\wnstock\wnstockdoc.cpp(987): warning C4244: “=”: 从“double”转换到“LONG”，可能丢失数据
     1>f:\项目\wnstock\src\wnstock-v2.0\wnstock\wnstock\wnstockdoc.cpp(992): warning C4244: “=”: 从“double”转换到“LONG”，可能丢失数据
     1>f:\项目\wnstock\src\wnstock-v2.0\wnstock\wnstock\wnstockdoc.cpp(993): warning C4244: “=”: 从“double”转换到“LONG”，可能丢失数据
     1>f:\项目\wnstock\src\wnstock-v2.0\wnstock\wnstock\wnstockdoc.cpp(1005): warning C4244: “=”: 从“double”转换到“LONG”，可能丢失数据
     1>f:\项目\wnstock\src\wnstock-v2.0\wnstock\wnstock\wnstockdoc.cpp(1006): warning C4244: “=”: 从“double”转换到“LONG”，可能丢失数据
     1>f:\项目\wnstock\src\wnstock-v2.0\wnstock\wnstock\wnstockdoc.cpp(1010): warning C4244: “=”: 从“double”转换到“LONG”，可能丢失数据
     1>f:\项目\wnstock\src\wnstock-v2.0\wnstock\wnstock\wnstockdoc.cpp(1012): warning C4244: “=”: 从“double”转换到“LONG”，可能丢失数据
     1>f:\项目\wnstock\src\wnstock-v2.0\wnstock\wnstock\wnstockdoc.cpp(1021): warning C4244: “=”: 从“double”转换到“LONG”，可能丢失数据
     1>f:\项目\wnstock\src\wnstock-v2.0\wnstock\wnstock\wnstockdoc.cpp(1022): warning C4244: “=”: 从“double”转换到“LONG”，可能丢失数据
     1>f:\项目\wnstock\src\wnstock-v2.0\wnstock\wnstock\wnstockdoc.cpp(1026): warning C4244: “=”: 从“double”转换到“LONG”，可能丢失数据
     1>f:\项目\wnstock\src\wnstock-v2.0\wnstock\wnstock\wnstockdoc.cpp(1028): warning C4244: “=”: 从“double”转换到“LONG”，可能丢失数据
     1>f:\项目\wnstock\src\wnstock-v2.0\wnstock\wnstock\wnstockdoc.cpp(1039): warning C4244: “=”: 从“double”转换到“LONG”，可能丢失数据
     1>f:\项目\wnstock\src\wnstock-v2.0\wnstock\wnstock\wnstockdoc.cpp(1040): warning C4244: “=”: 从“double”转换到“LONG”，可能丢失数据
     1>f:\项目\wnstock\src\wnstock-v2.0\wnstock\wnstock\wnstockdoc.cpp(1044): warning C4244: “=”: 从“double”转换到“LONG”，可能丢失数据
     1>f:\项目\wnstock\src\wnstock-v2.0\wnstock\wnstock\wnstockdoc.cpp(1045): warning C4244: “=”: 从“double”转换到“LONG”，可能丢失数据
     1>f:\项目\wnstock\src\wnstock-v2.0\wnstock\wnstock\wnstockdoc.cpp(1054): warning C4244: “=”: 从“double”转换到“LONG”，可能丢失数据
     1>f:\项目\wnstock\src\wnstock-v2.0\wnstock\wnstock\wnstockdoc.cpp(1055): warning C4244: “=”: 从“double”转换到“LONG”，可能丢失数据
     1>f:\项目\wnstock\src\wnstock-v2.0\wnstock\wnstock\wnstockdoc.cpp(1059): warning C4244: “=”: 从“double”转换到“LONG”，可能丢失数据
     1>f:\项目\wnstock\src\wnstock-v2.0\wnstock\wnstock\wnstockdoc.cpp(1060): warning C4244: “=”: 从“double”转换到“LONG”，可能丢失数据
     1>f:\项目\wnstock\src\wnstock-v2.0\wnstock\wnstock\wnstockdoc.cpp(1068): warning C4244: “=”: 从“double”转换到“LONG”，可能丢失数据
     1>f:\项目\wnstock\src\wnstock-v2.0\wnstock\wnstock\wnstockdoc.cpp(1069): warning C4244: “=”: 从“float”转换到“LONG”，可能丢失数据
     1>f:\项目\wnstock\src\wnstock-v2.0\wnstock\wnstock\wnstockdoc.cpp(1074): warning C4244: “=”: 从“double”转换到“LONG”，可能丢失数据
     1>f:\项目\wnstock\src\wnstock-v2.0\wnstock\wnstock\wnstockdoc.cpp(1075): warning C4244: “=”: 从“float”转换到“LONG”，可能丢失数据
         正在生成代码...
         正在编译...
         WnStock.cpp
         MainFrm.cpp
         正在生成代码...
       ResourceCompile:
         所有输出均为最新。
       ManifestResourceCompile:
         所有输出均为最新。
       Link:
         C:\Program Files (x86)\Microsoft Visual Studio 10.0\VC\bin\link.exe /ERRORREPORT:PROMPT /OUT:"F:\项目\WnStock\src\WnStock-V2.0\WnStock\Debug\WnStock.exe" /INCREMENTAL /NOLOGO /MANIFEST /ManifestFile:"Debug\WnStock.exe.intermediate.manifest" /MANIFESTUAC:"level='asInvoker' uiAccess='false'" /DEBUG /PDB:"F:\项目\WnStock\src\WnStock-V2.0\WnStock\Debug\WnStock.pdb" /SUBSYSTEM:WINDOWS /TLBID:1 /DYNAMICBASE /NXCOMPAT /IMPLIB:"F:\项目\WnStock\src\WnStock-V2.0\WnStock\Debug\WnStock.lib" /MACHINE:X86 Debug\WnStock.res
         Debug\WnStock.exe.embed.manifest.res
         Debug\MainFrm.obj
         Debug\stdafx.obj
         Debug\WnStock.obj
         Debug\WnStockDoc.obj
         Debug\WnStockView.obj
            正在创建库 F:\项目\WnStock\src\WnStock-V2.0\WnStock\Debug\WnStock.lib 和对象 F:\项目\WnStock\src\WnStock-V2.0\WnStock\Debug\WnStock.exp
       Manifest:
         C:\Program Files (x86)\Microsoft SDKs\Windows\v7.0A\bin\mt.exe /nologo /verbose /out:"Debug\WnStock.exe.embed.manifest" /manifest Debug\WnStock.exe.intermediate.manifest "C:\Program Files (x86)\Microsoft Visual Studio 10.0\VC\Include\Manifest\dpiaware.manifest"
         所有输出均为最新。
       LinkEmbedManifest:
         所有输出均为最新。
         WnStock.vcxproj -> F:\项目\WnStock\src\WnStock-V2.0\WnStock\Debug\WnStock.exe
       FinalizeBuildStatus:
         正在删除文件“Debug\WnStock.unsuccessfulbuild”。
         正在对“Debug\WnStock.lastbuildstate”执行 Touch 任务。
     1>已完成生成项目“F:\项目\WnStock\src\WnStock-V2.0\WnStock\WnStock\WnStock.vcxproj”(build 个目标)的操作。

生成成功。

已用时间 00:00:07.23
